<?xml version="1.0" encoding="UTF-8"?>
<testng-results skipped="0" failed="0" ignored="0" total="1" passed="1">
  <reporter-output>
  </reporter-output>
  <suite name="Default suite" duration-ms="31605" started-at="2020-08-23T22:37:24 EDT" finished-at="2020-08-23T22:37:56 EDT">
    <groups>
    </groups>
    <test name="Default test" duration-ms="31605" started-at="2020-08-23T22:37:24 EDT" finished-at="2020-08-23T22:37:56 EDT">
      <class name="com.training.sanity.tests.LoginTests">
        <test-method status="PASS" signature="setUpBeforeClass()[pri:0, instance:com.training.sanity.tests.LoginTests@5e853265]" name="setUpBeforeClass" is-config="true" duration-ms="45" started-at="2020-08-23T22:37:24 EDT" finished-at="2020-08-23T22:37:25 EDT">
          <reporter-output>
          </reporter-output>
        </test-method> <!-- setUpBeforeClass -->
        <test-method status="PASS" signature="setUp()[pri:0, instance:com.training.sanity.tests.LoginTests@5e853265]" name="setUp" is-config="true" duration-ms="18471" started-at="2020-08-23T22:37:25 EDT" finished-at="2020-08-23T22:37:43 EDT">
          <reporter-output>
          </reporter-output>
        </test-method> <!-- setUp -->
        <test-method status="PASS" signature="validLoginTest()[pri:0, instance:com.training.sanity.tests.LoginTests@5e853265]" name="validLoginTest" duration-ms="8693" started-at="2020-08-23T22:37:43 EDT" finished-at="2020-08-23T22:37:52 EDT">
          <reporter-output>
          </reporter-output>
        </test-method> <!-- validLoginTest -->
        <test-method status="PASS" signature="tearDown()[pri:0, instance:com.training.sanity.tests.LoginTests@5e853265]" name="tearDown" is-config="true" duration-ms="4214" started-at="2020-08-23T22:37:52 EDT" finished-at="2020-08-23T22:37:56 EDT">
          <reporter-output>
          </reporter-output>
        </test-method> <!-- tearDown -->
      </class> <!-- com.training.sanity.tests.LoginTests -->
    </test> <!-- Default test -->
  </suite> <!-- Default suite -->
</testng-results>
